<?xml version="1.0" encoding="UTF-8"?>
<!-- Generated by org.testng.reporters.JUnitXMLReporter -->
<testsuite ignored="8" hostname="vyas" failures="0" tests="1" name="Default test" time="36.059" errors="0" timestamp="2022-08-02T20:09:44 IST">
  <testcase classname="Selenium.Testelearning" name="ganguly" time="26.202"/>
  <testcase classname="Selenium.Testelearning" name="testcase7" time="0.0">
    <ignored/>
  </testcase> <!-- testcase7 -->
  <testcase classname="Selenium.Testelearning" name="testcase4" time="0.0">
    <ignored/>
  </testcase> <!-- testcase4 -->
  <testcase classname="Selenium.Testelearning" name="testcase5" time="0.0">
    <ignored/>
  </testcase> <!-- testcase5 -->
  <testcase classname="Selenium.Testelearning" name="testcase2" time="0.0">
    <ignored/>
  </testcase> <!-- testcase2 -->
  <testcase classname="Selenium.Testelearning" name="testcase6" time="0.0">
    <ignored/>
  </testcase> <!-- testcase6 -->
  <testcase classname="Selenium.Testelearning" name="testcase3" time="0.0">
    <ignored/>
  </testcase> <!-- testcase3 -->
  <testcase classname="Selenium.Testelearning" name="f" time="0.0">
    <ignored/>
  </testcase> <!-- f -->
  <testcase classname="Selenium.Testelearning" name="testcase1" time="0.0">
    <ignored/>
  </testcase> <!-- testcase1 -->
</testsuite> <!-- Default test -->
