<?xml version="1.0" encoding="UTF-8"?>
<testng-results ignored="2" total="3" passed="1" failed="0" skipped="0">
  <reporter-output>
  </reporter-output>
  <suite started-at="2022-07-27T14:17:36 IST" name="Default suite" finished-at="2022-07-27T14:18:12 IST" duration-ms="36027">
    <groups>
    </groups>
    <test started-at="2022-07-27T14:17:36 IST" name="Default test" finished-at="2022-07-27T14:18:12 IST" duration-ms="36027">
      <class name="Selenium.NewTest">
        <test-method is-config="true" signature="beforeTest()[pri:0, instance:Selenium.NewTest@57d7f8ca]" started-at="2022-07-27T14:17:36 IST" name="beforeTest" finished-at="2022-07-27T14:18:06 IST" duration-ms="30374" status="PASS">
          <reporter-output>
          </reporter-output>
        </test-method> <!-- beforeTest -->
        <test-method signature="testcase1()[pri:0, instance:Selenium.NewTest@57d7f8ca]" started-at="2022-07-27T14:18:06 IST" name="testcase1" finished-at="2022-07-27T14:18:12 IST" duration-ms="5563" status="PASS">
          <reporter-output>
          </reporter-output>
        </test-method> <!-- testcase1 -->
        <test-method is-config="true" signature="afterTest()[pri:0, instance:Selenium.NewTest@57d7f8ca]" started-at="2022-07-27T14:18:12 IST" name="afterTest" finished-at="2022-07-27T14:18:12 IST" duration-ms="1" status="PASS">
          <reporter-output>
          </reporter-output>
        </test-method> <!-- afterTest -->
      </class> <!-- Selenium.NewTest -->
    </test> <!-- Default test -->
  </suite> <!-- Default suite -->
</testng-results>
