<?xml version="1.0" encoding="UTF-8"?>
<testng-results ignored="0" total="1" passed="1" failed="0" skipped="0">
  <reporter-output>
  </reporter-output>
  <suite started-at="2022-07-22T11:01:47 IST" name="Default suite" finished-at="2022-07-22T11:02:14 IST" duration-ms="27605">
    <groups>
    </groups>
    <test started-at="2022-07-22T11:01:47 IST" name="Default test" finished-at="2022-07-22T11:02:14 IST" duration-ms="27605">
      <class name="Selenium.NewTest">
        <test-method is-config="true" signature="beforeTest()[pri:0, instance:Selenium.NewTest@581ac8a8]" started-at="2022-07-22T11:01:47 IST" name="beforeTest" finished-at="2022-07-22T11:02:00 IST" duration-ms="12816" status="PASS">
          <reporter-output>
          </reporter-output>
        </test-method> <!-- beforeTest -->
        <test-method signature="f()[pri:0, instance:Selenium.NewTest@581ac8a8]" started-at="2022-07-22T11:02:00 IST" name="f" finished-at="2022-07-22T11:02:12 IST" duration-ms="12536" status="PASS">
          <reporter-output>
          </reporter-output>
        </test-method> <!-- f -->
        <test-method is-config="true" signature="afterTest()[pri:0, instance:Selenium.NewTest@581ac8a8]" started-at="2022-07-22T11:02:12 IST" name="afterTest" finished-at="2022-07-22T11:02:14 IST" duration-ms="2131" status="PASS">
          <reporter-output>
          </reporter-output>
        </test-method> <!-- afterTest -->
      </class> <!-- Selenium.NewTest -->
    </test> <!-- Default test -->
  </suite> <!-- Default suite -->
</testng-results>
