<?xml version="1.0" encoding="UTF-8"?>
<!-- Generated by org.testng.reporters.JUnitXMLReporter -->
<testsuite hostname="vyas" ignored="2" name="Command line test" tests="1" failures="0" timestamp="2022-07-27T12:49:23 IST" time="12.262" errors="0">
  <testcase name="testcase1" time="4.405" classname="Selenium.NewTest"/>
  <testcase name="testcase2" time="0.0" classname="Selenium.NewTest">
    <ignored/>
  </testcase> <!-- testcase2 -->
  <testcase name="f" time="0.0" classname="Selenium.NewTest">
    <ignored/>
  </testcase> <!-- f -->
</testsuite> <!-- Command line test -->
