<?xml version="1.0" encoding="UTF-8"?>
<testng-results skipped="0" failed="0" ignored="0" total="1" passed="1">
  <reporter-output>
  </reporter-output>
  <suite name="Selenium.NewTest" duration-ms="21802" started-at="2022-07-22T11:46:13 IST" finished-at="2022-07-22T11:46:34 IST">
    <groups>
    </groups>
    <test name="Command line test" duration-ms="21802" started-at="2022-07-22T11:46:13 IST" finished-at="2022-07-22T11:46:34 IST">
      <class name="Selenium.NewTest">
        <test-method status="PASS" signature="beforeTest()[pri:0, instance:Selenium.NewTest@6f1fba17]" name="beforeTest" is-config="true" duration-ms="7617" started-at="2022-07-22T11:46:13 IST" finished-at="2022-07-22T11:46:20 IST">
          <reporter-output>
          </reporter-output>
        </test-method> <!-- beforeTest -->
        <test-method status="PASS" signature="f()[pri:0, instance:Selenium.NewTest@6f1fba17]" name="f" duration-ms="12042" started-at="2022-07-22T11:46:20 IST" finished-at="2022-07-22T11:46:32 IST">
          <reporter-output>
          </reporter-output>
        </test-method> <!-- f -->
        <test-method status="PASS" signature="afterTest()[pri:0, instance:Selenium.NewTest@6f1fba17]" name="afterTest" is-config="true" duration-ms="2075" started-at="2022-07-22T11:46:32 IST" finished-at="2022-07-22T11:46:34 IST">
          <reporter-output>
          </reporter-output>
        </test-method> <!-- afterTest -->
      </class> <!-- Selenium.NewTest -->
    </test> <!-- Command line test -->
  </suite> <!-- Selenium.NewTest -->
</testng-results>
